Using pre-set license
Built from '2020.3/staging' branch; Version is '2020.3.28f1 (f5400f52e03f) revision 16072719'; Using compiler version '192528614'; Build Type 'Release'
OS: 'Windows 10  (10.0.19041) 64bit Education' Language: 'en' Physical Memory: 16302 MB
BatchMode: 1, IsHumanControllingUs: 0, StartBugReporterOnCrash: 0, Is64bit: 1, IsPro: 0

COMMAND LINE ARGUMENTS:
C:\Program Files\Unity\Hub\Editor\2020.3.28f1\Editor\Unity.exe
-adb2
-batchMode
-noUpm
-name
AssetImportWorker0
-projectPath
D:/Jaren Knight/Github/3D-game/My project
-logFile
Logs/AssetImportWorker0.log
-srvPort
63286
Successfully changed project path to: D:/Jaren Knight/Github/3D-game/My project
D:/Jaren Knight/Github/3D-game/My project
Using Asset Import Pipeline V2.
Refreshing native plugins compatible for Editor in 38.81 ms, found 2 plugins.
Preloading 0 native plugins for Editor in 0.00 ms.
Initialize engine version: 2020.3.28f1 (f5400f52e03f)
[Subsystems] Discovering subsystems at path C:/Program Files/Unity/Hub/Editor/2020.3.28f1/Editor/Data/Resources/UnitySubsystems
[Subsystems] Discovering subsystems at path D:/Jaren Knight/Github/3D-game/My project/Assets
GfxDevice: creating device client; threaded=0
Direct3D:
    Version:  Direct3D 11.0 [level 11.1]
    Renderer: NVIDIA GeForce GTX 1050 Ti (ID=0x1c82)
    Vendor:   
    VRAM:     4018 MB
    Driver:   26.21.14.4097
Initialize mono
Mono path[0] = 'C:/Program Files/Unity/Hub/Editor/2020.3.28f1/Editor/Data/Managed'
Mono path[1] = 'C:/Program Files/Unity/Hub/Editor/2020.3.28f1/Editor/Data/MonoBleedingEdge/lib/mono/unityjit'
Mono config path = 'C:/Program Files/Unity/Hub/Editor/2020.3.28f1/Editor/Data/MonoBleedingEdge/etc'
Using monoOptions --debugger-agent=transport=dt_socket,embedding=1,server=y,suspend=n,address=127.0.0.1:56268
Begin MonoManager ReloadAssembly
Registering precompiled unity dll's ...
Register platform support module: C:/Program Files/Unity/Hub/Editor/2020.3.28f1/Editor/Data/PlaybackEngines/WindowsStandaloneSupport/UnityEditor.WindowsStandalone.Extensions.dll
Registered in 0.001671 seconds.
Native extension for WindowsStandalone target not found
Refreshing native plugins compatible for Editor in 37.12 ms, found 2 plugins.
Preloading 0 native plugins for Editor in 0.00 ms.
Mono: successfully reloaded assembly
- Completed reload, in  0.528 seconds
Domain Reload Profiling:
	ReloadAssembly (528ms)
		BeginReloadAssembly (62ms)
			ExecutionOrderSort (0ms)
			DisableScriptedObjects (0ms)
			BackupInstance (0ms)
			ReleaseScriptingObjects (0ms)
			CreateAndSetChildDomain (1ms)
		EndReloadAssembly (401ms)
			LoadAssemblies (60ms)
			RebuildTransferFunctionScriptingTraits (0ms)
			SetupTypeCache (132ms)
			ReleaseScriptCaches (0ms)
			RebuildScriptCaches (27ms)
			SetupLoadedEditorAssemblies (149ms)
				LogAssemblyErrors (0ms)
				InitializePlatformSupportModulesInManaged (4ms)
				SetLoadedEditorAssemblies (0ms)
				RefreshPlugins (37ms)
				BeforeProcessingInitializeOnLoad (7ms)
				ProcessInitializeOnLoadAttributes (74ms)
				ProcessInitializeOnLoadMethodAttributes (27ms)
				AfterProcessingInitializeOnLoad (0ms)
				EditorAssembliesLoaded (0ms)
			ExecutionOrderSort2 (0ms)
			AwakeInstancesAfterBackupRestoration (0ms)
Platform modules already initialized, skipping
Registering precompiled user dll's ...
Registered in 0.003791 seconds.
Begin MonoManager ReloadAssembly
Symbol file data-0000015E799C72B0 doesn't match image D:\Jaren Knight\Github\3D-game\My project\Library\ScriptAssemblies\Assembly-CSharp-firstpass.dll
Symbol file LoadedFromMemory is not a mono symbol file
Symbol file data-0000015E79928010 doesn't match image D:\Jaren Knight\Github\3D-game\My project\Library\ScriptAssemblies\Assembly-CSharp-Editor-firstpass.dll
Symbol file LoadedFromMemory is not a mono symbol file
Symbol file data-0000015E799D52C0 doesn't match image D:\Jaren Knight\Github\3D-game\My project\Library\ScriptAssemblies\Unity.Services.Core.Editor.dll
Symbol file LoadedFromMemory is not a mono symbol file
Symbol file data-0000015E7D898460 doesn't match image D:\Jaren Knight\Github\3D-game\My project\Library\ScriptAssemblies\Unity.VSCode.Editor.dll
Symbol file LoadedFromMemory is not a mono symbol file
Symbol file data-0000015E7DDE24B0 doesn't match image D:\Jaren Knight\Github\3D-game\My project\Library\ScriptAssemblies\Unity.TextMeshPro.Editor.dll
Symbol file LoadedFromMemory is not a mono symbol file
Symbol file data-0000015E79CBF0A0 doesn't match image D:\Jaren Knight\Github\3D-game\My project\Library\ScriptAssemblies\Unity.VisualStudio.Editor.dll
Symbol file LoadedFromMemory is not a mono symbol file
Symbol file data-0000015E79CBF0A0 doesn't match image D:\Jaren Knight\Github\3D-game\My project\Library\ScriptAssemblies\UnityEngine.TestRunner.dll
Symbol file LoadedFromMemory is not a mono symbol file
Symbol file data-0000015E7E10E010 doesn't match image D:\Jaren Knight\Github\3D-game\My project\Library\ScriptAssemblies\Unity.Timeline.Editor.dll
Symbol file LoadedFromMemory is not a mono symbol file
Symbol file data-0000015E7DDE24B0 doesn't match image D:\Jaren Knight\Github\3D-game\My project\Library\ScriptAssemblies\Unity.Timeline.dll
Symbol file LoadedFromMemory is not a mono symbol file
Symbol file data-0000015E7D43C010 doesn't match image D:\Jaren Knight\Github\3D-game\My project\Library\ScriptAssemblies\Unity.TextMeshPro.dll
Symbol file LoadedFromMemory is not a mono symbol file
Symbol file data-0000015E7DDE24B0 doesn't match image D:\Jaren Knight\Github\3D-game\My project\Library\ScriptAssemblies\Unity.CollabProxy.Editor.dll
Symbol file LoadedFromMemory is not a mono symbol file
Symbol file data-0000015E7DDE24B0 doesn't match image D:\Jaren Knight\Github\3D-game\My project\Library\ScriptAssemblies\UnityEditor.TestRunner.dll
Symbol file LoadedFromMemory is not a mono symbol file
Symbol file data-0000015E7D479030 doesn't match image D:\Jaren Knight\Github\3D-game\My project\Library\ScriptAssemblies\UnityEditor.UI.dll
Symbol file LoadedFromMemory is not a mono symbol file
Symbol file data-0000015E7E039020 doesn't match image D:\Jaren Knight\Github\3D-game\My project\Library\ScriptAssemblies\Unity.PlasticSCM.Editor.dll
Symbol file LoadedFromMemory is not a mono symbol file
Symbol file data-0000015E79C7F060 doesn't match image D:\Jaren Knight\Github\3D-game\My project\Library\ScriptAssemblies\Unity.Rider.Editor.dll
Symbol file LoadedFromMemory is not a mono symbol file
Symbol file data-0000015E7E12D420 doesn't match image D:\Jaren Knight\Github\3D-game\My project\Library\ScriptAssemblies\UnityEngine.UI.dll
Symbol file LoadedFromMemory is not a mono symbol file
Native extension for WindowsStandalone target not found
Refreshing native plugins compatible for Editor in 0.42 ms, found 2 plugins.
Preloading 0 native plugins for Editor in 0.00 ms.
Mono: successfully reloaded assembly
- Completed reload, in  0.891 seconds
Domain Reload Profiling:
	ReloadAssembly (892ms)
		BeginReloadAssembly (133ms)
			ExecutionOrderSort (0ms)
			DisableScriptedObjects (4ms)
			BackupInstance (0ms)
			ReleaseScriptingObjects (0ms)
			CreateAndSetChildDomain (16ms)
		EndReloadAssembly (706ms)
			LoadAssemblies (84ms)
			RebuildTransferFunctionScriptingTraits (0ms)
			SetupTypeCache (251ms)
			ReleaseScriptCaches (0ms)
			RebuildScriptCaches (40ms)
			SetupLoadedEditorAssemblies (259ms)
				LogAssemblyErrors (0ms)
				InitializePlatformSupportModulesInManaged (4ms)
				SetLoadedEditorAssemblies (0ms)
				RefreshPlugins (0ms)
				BeforeProcessingInitializeOnLoad (48ms)
				ProcessInitializeOnLoadAttributes (191ms)
				ProcessInitializeOnLoadMethodAttributes (8ms)
				AfterProcessingInitializeOnLoad (6ms)
				EditorAssembliesLoaded (0ms)
			ExecutionOrderSort2 (0ms)
			AwakeInstancesAfterBackupRestoration (5ms)
Platform modules already initialized, skipping
========================================================================
Worker process is ready to serve import requests
Launched and connected shader compiler UnityShaderCompiler.exe after 0.05 seconds
Refreshing native plugins compatible for Editor in 0.42 ms, found 2 plugins.
Preloading 0 native plugins for Editor in 0.00 ms.
Unloading 1787 Unused Serialized files (Serialized files now loaded: 0)
System memory in use before: 105.5 MB.
System memory in use after: 103.3 MB.

Unloading 48 unused Assets to reduce memory usage. Loaded Objects now: 2220.
Total: 3.728700 ms (FindLiveObjects: 0.240800 ms CreateObjectMapping: 0.216600 ms MarkObjects: 2.534600 ms  DeleteObjects: 0.735700 ms)

AssetImportParameters requested are different than current active one (requested -> active):
  custom:framework-win-MediaFoundation: 216162199b28c13a410421893ffa2e32 -> 
  custom:video-decoder-ogg-theora: a1e56fd34408186e4bbccfd4996cb3dc -> 
  custom:container-muxer-webm: aa71ff27fc2769a1b78a27578f13a17b -> 
  custom:container-demuxer-webm: 4f35f7cbe854078d1ac9338744f61a02 -> 
  custom:container-demuxer-ogg: 62fdf1f143b41e24485cea50d1cbac27 -> 
  custom:video-encoder-webm-vp8: eb34c28f22e8b96e1ab97ce403110664 -> 
  custom:video-decoder-webm-vp8: 9c59270c3fd7afecdb556c50c9e8de78 -> 
  custom:audio-decoder-ogg-vorbis: bf7c407c2cedff20999df2af8eb42d56 -> 
  custom:audio-encoder-webm-vorbis: bf7c407c2cedff20999df2af8eb42d56 -> 
========================================================================
Received Import Request.
  path: Assets/New Terrain 4.asset
  artifactKey: Guid(36d7789aac51e6d4aa454c00f4ed14fb) Importer(815301076,1909f56bfc062723c751e8b465ee728b)
Start importing Assets/New Terrain 4.asset using Guid(36d7789aac51e6d4aa454c00f4ed14fb) Importer(815301076,1909f56bfc062723c751e8b465ee728b) The tree tree 4 Variant couldn't be instanced because bounds could not be determined.
 -> (artifact id: 'a22e24ca995e535098c39215e8d32b16') in 0.080038 seconds 
  Import took 0.082649 seconds .

========================================================================
Received Import Request.
  Time since last request: 0.000471 seconds.
  path: Assets/NewLayer 3.terrainlayer
  artifactKey: Guid(7519ce24029670740892cb3a3f9dafd7) Importer(815301076,1909f56bfc062723c751e8b465ee728b)
Start importing Assets/NewLayer 3.terrainlayer using Guid(7519ce24029670740892cb3a3f9dafd7) Importer(815301076,1909f56bfc062723c751e8b465ee728b)  -> (artifact id: '834b008586c8efffa1817cc9facd7b8f') in 0.036735 seconds 
  Import took 0.039154 seconds .

========================================================================
Received Import Request.
  Time since last request: 0.000451 seconds.
  path: Assets/New Terrain.asset
  artifactKey: Guid(eaad47508a43d4440bc70ad8a080461a) Importer(815301076,1909f56bfc062723c751e8b465ee728b)
Start importing Assets/New Terrain.asset using Guid(eaad47508a43d4440bc70ad8a080461a) Importer(815301076,1909f56bfc062723c751e8b465ee728b) The tree Tree must use the Nature/Soft Occlusion shader. Otherwise billboarding/lighting will not work correctly.
The tree Tree must use the Nature/Soft Occlusion shader. Otherwise billboarding/lighting will not work correctly.
The tree Tree must use the Nature/Soft Occlusion shader. Otherwise billboarding/lighting will not work correctly.
The tree Tree must use the Nature/Soft Occlusion shader. Otherwise billboarding/lighting will not work correctly.
The tree Tree must use the Nature/Soft Occlusion shader. Otherwise billboarding/lighting will not work correctly.
The tree Tree must use the Nature/Soft Occlusion shader. Otherwise billboarding/lighting will not work correctly.
The tree Tree must use the Nature/Soft Occlusion shader. Otherwise billboarding/lighting will not work correctly.
The tree Tree must use the Nature/Soft Occlusion shader. Otherwise billboarding/lighting will not work correctly.
The tree Tree must use the Nature/Soft Occlusion shader. Otherwise billboarding/lighting will not work correctly.
The tree Tree must use the Nature/Soft Occlusion shader. Otherwise billboarding/lighting will not work correctly.
The tree Tree must use the Nature/Soft Occlusion shader. Otherwise billboarding/lighting will not work correctly.
The tree Tree must use the Nature/Soft Occlusion shader. Otherwise billboarding/lighting will not work correctly.
The tree Tree must use the Nature/Soft Occlusion shader. Otherwise billboarding/lighting will not work correctly.
 -> (artifact id: '900dc305ae8e70b9425485b7fb9b1c1e') in 0.022405 seconds 
  Import took 0.025149 seconds .

========================================================================
Received Import Request.
  Time since last request: 0.000523 seconds.
  path: Assets/NewLayer 1.terrainlayer
  artifactKey: Guid(c733af641acd28e4ca0e125b5b734457) Importer(815301076,1909f56bfc062723c751e8b465ee728b)
Start importing Assets/NewLayer 1.terrainlayer using Guid(c733af641acd28e4ca0e125b5b734457) Importer(815301076,1909f56bfc062723c751e8b465ee728b)  -> (artifact id: 'feef07414f25b906802081e0296cd2a6') in 0.015670 seconds 
  Import took 0.018303 seconds .

========================================================================
Received Import Request.
  Time since last request: 0.000462 seconds.
  path: Assets/NewLayer 4.terrainlayer
  artifactKey: Guid(c8d3e21c35802d3478f4bad88fd37b96) Importer(815301076,1909f56bfc062723c751e8b465ee728b)
Start importing Assets/NewLayer 4.terrainlayer using Guid(c8d3e21c35802d3478f4bad88fd37b96) Importer(815301076,1909f56bfc062723c751e8b465ee728b)  -> (artifact id: '61e0bb0b80f12a925fa4db832c82ab46') in 0.016554 seconds 
  Import took 0.019351 seconds .

========================================================================
Received Import Request.
  Time since last request: 0.000425 seconds.
  path: Assets/psxGhoul.obj
  artifactKey: Guid(19933a41250ce3746bb9c2e41d1c0f1a) Importer(815301076,1909f56bfc062723c751e8b465ee728b)
Start importing Assets/psxGhoul.obj using Guid(19933a41250ce3746bb9c2e41d1c0f1a) Importer(815301076,1909f56bfc062723c751e8b465ee728b)  -> (artifact id: 'ff7de103f26bd82f2df3a745320097ff') in 0.112763 seconds 
  Import took 0.115160 seconds .

========================================================================
Received Import Request.
  Time since last request: 0.000492 seconds.
  path: Assets/NewLayer 2.terrainlayer
  artifactKey: Guid(a7c585121cc2d73499b6d90adff051ab) Importer(815301076,1909f56bfc062723c751e8b465ee728b)
Start importing Assets/NewLayer 2.terrainlayer using Guid(a7c585121cc2d73499b6d90adff051ab) Importer(815301076,1909f56bfc062723c751e8b465ee728b)  -> (artifact id: '455968ad122cc8806141706963bf2281') in 0.016240 seconds 
  Import took 0.018784 seconds .

========================================================================
Received Import Request.
  Time since last request: 2078.169737 seconds.
  path: Assets/Models/tree 2 Variant.prefab
  artifactKey: Guid(f94d8f89ae90a14478b9ba5db7a6e285) Importer(815301076,1909f56bfc062723c751e8b465ee728b)
Start importing Assets/Models/tree 2 Variant.prefab using Guid(f94d8f89ae90a14478b9ba5db7a6e285) Importer(815301076,1909f56bfc062723c751e8b465ee728b)  -> (artifact id: 'a14facc8eafac43ee85baebcbf1f577d') in 0.066869 seconds 
  Import took 0.069740 seconds .

========================================================================
Received Import Request.
  Time since last request: 0.000549 seconds.
  path: Assets/Models/tree 4 Variant.prefab
  artifactKey: Guid(22b32c9c52b42844e956566e08a0afec) Importer(815301076,1909f56bfc062723c751e8b465ee728b)
Start importing Assets/Models/tree 4 Variant.prefab using Guid(22b32c9c52b42844e956566e08a0afec) Importer(815301076,1909f56bfc062723c751e8b465ee728b)  -> (artifact id: '91ba923e3d8117cb8ddbdb2a8ff61120') in 0.017463 seconds 
  Import took 0.020148 seconds .

========================================================================
Received Import Request.
  Time since last request: 0.000455 seconds.
  path: Assets/Models/tree 3 Variant.prefab
  artifactKey: Guid(017d765bcafdeb44cb0b4544003010a0) Importer(815301076,1909f56bfc062723c751e8b465ee728b)
Start importing Assets/Models/tree 3 Variant.prefab using Guid(017d765bcafdeb44cb0b4544003010a0) Importer(815301076,1909f56bfc062723c751e8b465ee728b)  -> (artifact id: 'a2db5ec8e7cce0fa60dc4e7f5ee5e74c') in 0.026398 seconds 
  Import took 0.029110 seconds .

